<?xml version="1.0" encoding="UTF-8"?>
<!-- Generated by org.testng.reporters.JUnitXMLReporter -->
<testsuite hostname="LAPTOP-L45CF4AI" ignored="0" name="Default test" tests="5" failures="0" timestamp="30 Jan 2018 06:17:48 GMT" time="94.16" errors="0">
  <testcase name="VerifyLoan" time="12.484" classname="Zmartasweden.Zmartasweden.Zmarta_se"/>
  <testcase name="VerifyPersonalInfo" time="11.556" classname="Zmartasweden.Zmartasweden.Zmarta_se"/>
  <testcase name="VerifyPersonalInfo1" time="10.556" classname="Zmartasweden.Zmartasweden.Zmarta_se"/>
  <testcase name="VerifyPersonalInfo2" time="34.599" classname="Zmartasweden.Zmartasweden.Zmarta_se"/>
  <testcase name="VerifyPersonalInfo3" time="9.81" classname="Zmartasweden.Zmartasweden.Zmarta_se"/>
</testsuite> <!-- Default test -->
